-------------------------------------------------------------------------------
Test set: org.jreserve.grscript.gui.ApplicationTest
-------------------------------------------------------------------------------
Tests run: 2, Failures: 1, Errors: 0, Skipped: 0, Time elapsed: 2.076 sec <<< FAILURE!
testApplication(org.jreserve.grscript.gui.ApplicationTest)  Time elapsed: 0.015 sec  <<< FAILURE!
junit.framework.AssertionFailedError: NbModuleSuite has been started with failOnMessage(WARNING) and failOnException(INFO). The following failures have been captured:
[org.netbeans.core.startup.NbEvents] THREAD: main MSG: The extension C:\Munka\GitRepos\JRLib\NetbeansProject\grscript-gui\application\target\grscript_gui\grscript_gui\modules\ext\org.codehaus.groovy\groovy-all-2.1.3.jar may be multiply loaded by modules: [C:\Munka\GitRepos\JRLib\NetbeansProject\grscript-gui\application\target\grscript_gui\grscript_gui\modules\org-jreserve-grscript-gui-groovy.jar, C:\Munka\GitRepos\JRLib\NetbeansProject\grscript-gui\application\target\grscript_gui\grscript_gui\modules\org-jreserve-grscript-gui-grscript.jar]; see: http://www.netbeans.org/download/dev/javadoc/org-openide-modules/org/openide/modules/doc-files/classpath.html#class-path
[org.openide.filesystems.Ordering] THREAD: Folder recognizer MSG: Not all children in Services/MIMEResolver/ marked with the position attribute: [org-jreserve-grscript-gui-script-GRScriptDataObject-Extension.xml], but some are: [org-openide-loaders-DataLoaderPool$InstanceLoaderSystem-Extension.xml, org-netbeans-core-startup-layers-SystemFileSystem-Extension.xml]
[org.openide.filesystems.Ordering] THREAD: Folder recognizer MSG: Not all children in Services/MIMEResolver/ marked with the position attribute: [org-jreserve-grscript-gui-script-GRScriptDataObject-Extension.xml], but some are: [org-openide-loaders-DataLoaderPool$InstanceLoaderSystem-Extension.xml, org-netbeans-core-startup-layers-SystemFileSystem-Extension.xml]

	at org.netbeans.junit.internal.NbModuleLogHandler.checkFailures(NbModuleLogHandler.java:218)
	at org.netbeans.junit.NbModuleSuite$NbTestSuiteLogCheck.runTest(NbModuleSuite.java:1477)
	at junit.framework.TestSuite.run(TestSuite.java:238)
	at junit.framework.TestSuite.runTest(TestSuite.java:243)
	at junit.framework.TestSuite.run(TestSuite.java:238)
	at org.netbeans.junit.NbModuleSuite$S.runInRuntimeContainer(NbModuleSuite.java:932)
	at org.netbeans.junit.NbModuleSuite$S.access$100(NbModuleSuite.java:660)
	at org.netbeans.junit.NbModuleSuite$S$1.protect(NbModuleSuite.java:679)
	at junit.framework.TestResult.runProtected(TestResult.java:128)
	at org.netbeans.junit.NbModuleSuite$S.run(NbModuleSuite.java:677)
	at org.junit.internal.runners.JUnit38ClassRunner.run(JUnit38ClassRunner.java:83)
	at org.apache.maven.surefire.junit4.JUnit4Provider.execute(JUnit4Provider.java:252)
	at org.apache.maven.surefire.junit4.JUnit4Provider.executeTestSet(JUnit4Provider.java:141)
	at org.apache.maven.surefire.junit4.JUnit4Provider.invoke(JUnit4Provider.java:112)
	at sun.reflect.NativeMethodAccessorImpl.invoke0(Native Method)
	at sun.reflect.NativeMethodAccessorImpl.invoke(NativeMethodAccessorImpl.java:39)
	at sun.reflect.DelegatingMethodAccessorImpl.invoke(DelegatingMethodAccessorImpl.java:25)
	at java.lang.reflect.Method.invoke(Method.java:597)
	at org.apache.maven.surefire.util.ReflectionUtils.invokeMethodWithArray(ReflectionUtils.java:189)
	at org.apache.maven.surefire.booter.ProviderFactory$ProviderProxy.invoke(ProviderFactory.java:165)
	at org.apache.maven.surefire.booter.ProviderFactory.invokeProvider(ProviderFactory.java:85)
	at org.apache.maven.surefire.booter.ForkedBooter.runSuitesInProcess(ForkedBooter.java:113)
	at org.apache.maven.surefire.booter.ForkedBooter.main(ForkedBooter.java:75)
