<?xml version="1.0" encoding="UTF-8" ?>
<testsuite failures="0" time="0" errors="0" skipped="0" tests="9" name="org.jreserve.gui.project.config.ModuleConfigurationTest">
  <properties>
[...]
</properties>
  <testcase time="0" classname="org.jreserve.gui.project.config.ModuleConfigurationTest" name="testConstructor_NullName"/>
  <testcase time="0" classname="org.jreserve.gui.project.config.ModuleConfigurationTest" name="testConstructor_EmptyName"/>
  <testcase time="0" classname="org.jreserve.gui.project.config.ModuleConfigurationTest" name="testXmlMarshalling"/>
  <testcase time="0" classname="org.jreserve.gui.project.config.ModuleConfigurationTest" name="testXmlUnmarshalling"/>
  <testcase time="0" classname="org.jreserve.gui.project.config.ModuleConfigurationTest" name="testGetOwnerId"/>
  <testcase time="0" classname="org.jreserve.gui.project.config.ModuleConfigurationTest" name="testHasProperty"/>
  <testcase time="0" classname="org.jreserve.gui.project.config.ModuleConfigurationTest" name="testGetProperty"/>
  <testcase time="0" classname="org.jreserve.gui.project.config.ModuleConfigurationTest" name="testSetProperty"/>
  <testcase time="0" classname="org.jreserve.gui.project.config.ModuleConfigurationTest" name="testXmlUnmarshalling_NoOwnerId"/>
</testsuite>